Using pre-set license
Built from '2022.3/staging' branch; Version is '2022.3.8f1 (b5eafc012955) revision 11922172'; Using compiler version '192829333'; Build Type 'Release'
OS: 'Windows 11  (10.0.22621) 64bit Core' Language: 'en' Physical Memory: 16108 MB
BatchMode: 1, IsHumanControllingUs: 0, StartBugReporterOnCrash: 0, Is64bit: 1, IsPro: 1

COMMAND LINE ARGUMENTS:
C:\Program Files\Unity\Hub\Editor\2022.3.8f1\Editor\Unity.exe
-adb2
-batchMode
-noUpm
-name
AssetImportWorker0
-projectPath
C:/Users/hyup0/OneDrive/바탕 화면/final
-logFile
Logs/AssetImportWorker0.log
-srvPort
50929
Successfully changed project path to: C:/Users/hyup0/OneDrive/바탕 화면/final
C:/Users/hyup0/OneDrive/바탕 화면/final
[UnityMemory] Configuration Parameters - Can be set up in boot.config
    "memorysetup-bucket-allocator-granularity=16"
    "memorysetup-bucket-allocator-bucket-count=8"
    "memorysetup-bucket-allocator-block-size=33554432"
    "memorysetup-bucket-allocator-block-count=8"
    "memorysetup-main-allocator-block-size=16777216"
    "memorysetup-thread-allocator-block-size=16777216"
    "memorysetup-gfx-main-allocator-block-size=16777216"
    "memorysetup-gfx-thread-allocator-block-size=16777216"
    "memorysetup-cache-allocator-block-size=4194304"
    "memorysetup-typetree-allocator-block-size=2097152"
    "memorysetup-profiler-bucket-allocator-granularity=16"
    "memorysetup-profiler-bucket-allocator-bucket-count=8"
    "memorysetup-profiler-bucket-allocator-block-size=33554432"
    "memorysetup-profiler-bucket-allocator-block-count=8"
    "memorysetup-profiler-allocator-block-size=16777216"
    "memorysetup-profiler-editor-allocator-block-size=1048576"
    "memorysetup-temp-allocator-size-main=16777216"
    "memorysetup-job-temp-allocator-block-size=2097152"
    "memorysetup-job-temp-allocator-block-size-background=1048576"
    "memorysetup-job-temp-allocator-reduction-small-platforms=262144"
    "memorysetup-allocator-temp-initial-block-size-main=262144"
    "memorysetup-allocator-temp-initial-block-size-worker=262144"
    "memorysetup-temp-allocator-size-background-worker=32768"
    "memorysetup-temp-allocator-size-job-worker=262144"
    "memorysetup-temp-allocator-size-preload-manager=33554432"
    "memorysetup-temp-allocator-size-nav-mesh-worker=65536"
    "memorysetup-temp-allocator-size-audio-worker=65536"
    "memorysetup-temp-allocator-size-cloud-worker=32768"
    "memorysetup-temp-allocator-size-gi-baking-worker=262144"
    "memorysetup-temp-allocator-size-gfx=262144"
Player connection [34296] Host "[IP] 192.168.2.19 [Port] 0 [Flags] 2 [Guid] 1080961411 [EditorId] 1080961411 [Version] 1048832 [Id] WindowsEditor(7,DESKTOP-PR753A6) [Debug] 1 [PackageName] WindowsEditor [ProjectName] Editor" joined multi-casting on [225.0.0.222:54997]...

Player connection [34296] Host "[IP] 192.168.2.19 [Port] 0 [Flags] 2 [Guid] 1080961411 [EditorId] 1080961411 [Version] 1048832 [Id] WindowsEditor(7,DESKTOP-PR753A6) [Debug] 1 [PackageName] WindowsEditor [ProjectName] Editor" joined alternative multi-casting on [225.0.0.222:34997]...

[Physics::Module] Initialized MultithreadedJobDispatcher with 7 workers.
Refreshing native plugins compatible for Editor in 120.38 ms, found 6 plugins.
Preloading 0 native plugins for Editor in 0.00 ms.
Initialize engine version: 2022.3.8f1 (b5eafc012955)
[Subsystems] Discovering subsystems at path C:/Program Files/Unity/Hub/Editor/2022.3.8f1/Editor/Data/Resources/UnitySubsystems
[Subsystems] Discovering subsystems at path C:/Users/hyup0/OneDrive/바탕 화면/final/Assets
GfxDevice: creating device client; threaded=0; jobified=0
Direct3D:
    Version:  Direct3D 11.0 [level 11.1]
    Renderer: Intel(R) Iris(R) Xe Graphics (ID=0x9a49)
    Vendor:   Intel
    VRAM:     8054 MB
    Driver:   30.0.100.9836
Initialize mono
Mono path[0] = 'C:/Program Files/Unity/Hub/Editor/2022.3.8f1/Editor/Data/Managed'
Mono path[1] = 'C:/Program Files/Unity/Hub/Editor/2022.3.8f1/Editor/Data/MonoBleedingEdge/lib/mono/unityjit-win32'
Mono config path = 'C:/Program Files/Unity/Hub/Editor/2022.3.8f1/Editor/Data/MonoBleedingEdge/etc'
Using monoOptions --debugger-agent=transport=dt_socket,embedding=1,server=y,suspend=n,address=127.0.0.1:56296
Begin MonoManager ReloadAssembly
Registering precompiled unity dll's ...
Register platform support module: C:/Program Files/Unity/Hub/Editor/2022.3.8f1/Editor/Data/PlaybackEngines/WebGLSupport/UnityEditor.WebGL.Extensions.dll
Register platform support module: C:/Program Files/Unity/Hub/Editor/2022.3.8f1/Editor/Data/PlaybackEngines/WindowsStandaloneSupport/UnityEditor.WindowsStandalone.Extensions.dll
Registered in 0.334851 seconds.
- Loaded All Assemblies, in  8.520 seconds
Native extension for WindowsStandalone target not found
Native extension for WebGL target not found
Mono: successfully reloaded assembly
- Finished resetting the current domain, in  7.759 seconds
Domain Reload Profiling: 16195ms
	BeginReloadAssembly (1013ms)
		ExecutionOrderSort (0ms)
		DisableScriptedObjects (0ms)
		BackupInstance (0ms)
		ReleaseScriptingObjects (0ms)
		CreateAndSetChildDomain (3ms)
	RebuildCommonClasses (1392ms)
	RebuildNativeTypeToScriptingClass (284ms)
	initialDomainReloadingComplete (1300ms)
	LoadAllAssembliesAndSetupDomain (4446ms)
		LoadAssemblies (995ms)
		RebuildTransferFunctionScriptingTraits (0ms)
		AnalyzeDomain (4420ms)
			TypeCache.Refresh (4412ms)
				TypeCache.ScanAssembly (4340ms)
			ScanForSourceGeneratedMonoScriptInfo (1ms)
			ResolveRequiredComponents (5ms)
	FinalizeReload (7761ms)
		ReleaseScriptCaches (0ms)
		RebuildScriptCaches (0ms)
		SetupLoadedEditorAssemblies (6338ms)
			LogAssemblyErrors (0ms)
			InitializePlatformSupportModulesInManaged (297ms)
			SetLoadedEditorAssemblies (1111ms)
			RefreshPlugins (0ms)
			BeforeProcessingInitializeOnLoad (20ms)
			ProcessInitializeOnLoadAttributes (2747ms)
			ProcessInitializeOnLoadMethodAttributes (2163ms)
			AfterProcessingInitializeOnLoad (0ms)
			EditorAssembliesLoaded (0ms)
		ExecutionOrderSort2 (0ms)
		AwakeInstancesAfterBackupRestoration (0ms)
========================================================================
Worker process is ready to serve import requests
Begin MonoManager ReloadAssembly
- Loaded All Assemblies, in 12.196 seconds
Refreshing native plugins compatible for Editor in 65.40 ms, found 6 plugins.
Native extension for WindowsStandalone target not found
Native extension for WebGL target not found
Package Manager log level set to [2]
[Package Manager] Server::EnsureServerProcessIsRunning -- launch failed, reason: Unity was launched with the -noUpm command-line argument
[Package Manager] UpmClient::Send -- Unable to send message (not connected to UPM process).
[Package Manager] Cannot connect to Unity Package Manager local server
Mono: successfully reloaded assembly
- Finished resetting the current domain, in 13.272 seconds
Domain Reload Profiling: 25403ms
	BeginReloadAssembly (1436ms)
		ExecutionOrderSort (0ms)
		DisableScriptedObjects (79ms)
		BackupInstance (0ms)
		ReleaseScriptingObjects (1ms)
		CreateAndSetChildDomain (152ms)
	RebuildCommonClasses (424ms)
	RebuildNativeTypeToScriptingClass (362ms)
	initialDomainReloadingComplete (1626ms)
	LoadAllAssembliesAndSetupDomain (8271ms)
		LoadAssemblies (7375ms)
		RebuildTransferFunctionScriptingTraits (0ms)
		AnalyzeDomain (1746ms)
			TypeCache.Refresh (1472ms)
				TypeCache.ScanAssembly (1390ms)
			ScanForSourceGeneratedMonoScriptInfo (212ms)
			ResolveRequiredComponents (57ms)
	FinalizeReload (13284ms)
		ReleaseScriptCaches (0ms)
		RebuildScriptCaches (0ms)
		SetupLoadedEditorAssemblies (9824ms)
			LogAssemblyErrors (0ms)
			InitializePlatformSupportModulesInManaged (111ms)
			SetLoadedEditorAssemblies (45ms)
			RefreshPlugins (0ms)
			BeforeProcessingInitializeOnLoad (1070ms)
			ProcessInitializeOnLoadAttributes (6281ms)
			ProcessInitializeOnLoadMethodAttributes (2132ms)
			AfterProcessingInitializeOnLoad (175ms)
			EditorAssembliesLoaded (10ms)
		ExecutionOrderSort2 (0ms)
		AwakeInstancesAfterBackupRestoration (277ms)
Launched and connected shader compiler UnityShaderCompiler.exe after 2.03 seconds
Refreshing native plugins compatible for Editor in 158.76 ms, found 6 plugins.
Preloading 0 native plugins for Editor in 0.00 ms.
Unloading 5676 Unused Serialized files (Serialized files now loaded: 0)
Unloading 88 unused Assets / (352.9 KB). Loaded Objects now: 6133.
Memory consumption went from 216.6 MB to 216.3 MB.
Total: 245.128500 ms (FindLiveObjects: 0.960200 ms CreateObjectMapping: 0.750000 ms MarkObjects: 204.000100 ms  DeleteObjects: 39.415200 ms)

AssetImportParameters requested are different than current active one (requested -> active):
  custom:container-demuxer-ogg: 62fdf1f143b41e24485cea50d1cbac27 -> 
  custom:video-decoder-ogg-theora: a1e56fd34408186e4bbccfd4996cb3dc -> 
  custom:framework-win-MediaFoundation: 216162199b28c13a410421893ffa2e32 -> 
  custom:CustomObjectIndexerAttribute: a3ef5dd2817f97addfee359851a9dba5 -> 
  custom:container-demuxer-webm: 4f35f7cbe854078d1ac9338744f61a02 -> 
  custom:container-muxer-webm: aa71ff27fc2769a1b78a27578f13a17b -> 
  custom:video-decoder-webm-vp8: 9c59270c3fd7afecdb556c50c9e8de78 -> 
  custom:SearchIndexIgnoredProperties: e643bd26f0fe6173181afceb89e7c659 -> 
  custom:AudioImporter_EditorPlatform: d09bf68614088b80899f8185d706f6e7 -> 
  custom:video-encoder-webm-vp8: eb34c28f22e8b96e1ab97ce403110664 -> 
  custom:audio-decoder-ogg-vorbis: bf7c407c2cedff20999df2af8eb42d56 -> 
  custom:audio-encoder-webm-vorbis: bf7c407c2cedff20999df2af8eb42d56 -> 
========================================================================
Received Import Request.
  Time since last request: 20669.341543 seconds.
  path: Assets/_Core/Prefabs/MainSceneOrg/Managers.prefab
  artifactKey: Guid(bbb18578b569445eea3d06edb55efc1f) Importer(815301076,1909f56bfc062723c751e8b465ee728b)
Start importing Assets/_Core/Prefabs/MainSceneOrg/Managers.prefab using Guid(bbb18578b569445eea3d06edb55efc1f) Importer(815301076,1909f56bfc062723c751e8b465ee728b)  -> (artifact id: '46d3047cafa614bfb96af46cef5673be') in 1.646934 seconds
Number of updated asset objects reloaded before import = 0
Number of asset objects unloaded after import = 69
========================================================================
Received Import Request.
  Time since last request: 13.767131 seconds.
  path: Assets/_Core/Scenes/MainScene.unity
  artifactKey: Guid(8c9cfa26abfee488c85f1582747f6a02) Importer(815301076,1909f56bfc062723c751e8b465ee728b)
Start importing Assets/_Core/Scenes/MainScene.unity using Guid(8c9cfa26abfee488c85f1582747f6a02) Importer(815301076,1909f56bfc062723c751e8b465ee728b)  -> (artifact id: '12d8c942bae5f878672410b0174dfca0') in 0.001768 seconds
Number of updated asset objects reloaded before import = 0
Number of asset objects unloaded after import = 0
========================================================================
Received Prepare
Begin MonoManager ReloadAssembly
- Loaded All Assemblies, in  1.744 seconds
Refreshing native plugins compatible for Editor in 24.24 ms, found 6 plugins.
Native extension for WindowsStandalone target not found
Native extension for WebGL target not found
[Package Manager] Server::EnsureServerProcessIsRunning -- launch failed, reason: Unity was launched with the -noUpm command-line argument
[Package Manager] UpmClient::Send -- Unable to send message (not connected to UPM process).
[Package Manager] Cannot connect to Unity Package Manager local server
Mono: successfully reloaded assembly
- Finished resetting the current domain, in 11.952 seconds
Domain Reload Profiling: 13678ms
	BeginReloadAssembly (672ms)
		ExecutionOrderSort (0ms)
		DisableScriptedObjects (60ms)
		BackupInstance (0ms)
		ReleaseScriptingObjects (0ms)
		CreateAndSetChildDomain (142ms)
	RebuildCommonClasses (97ms)
	RebuildNativeTypeToScriptingClass (32ms)
	initialDomainReloadingComplete (91ms)
	LoadAllAssembliesAndSetupDomain (834ms)
		LoadAssemblies (1068ms)
		RebuildTransferFunctionScriptingTraits (0ms)
		AnalyzeDomain (125ms)
			TypeCache.Refresh (29ms)
				TypeCache.ScanAssembly (3ms)
			ScanForSourceGeneratedMonoScriptInfo (65ms)
			ResolveRequiredComponents (30ms)
	FinalizeReload (11953ms)
		ReleaseScriptCaches (0ms)
		RebuildScriptCaches (0ms)
		SetupLoadedEditorAssemblies (1458ms)
			LogAssemblyErrors (0ms)
			InitializePlatformSupportModulesInManaged (44ms)
			SetLoadedEditorAssemblies (23ms)
			RefreshPlugins (0ms)
			BeforeProcessingInitializeOnLoad (299ms)
			ProcessInitializeOnLoadAttributes (815ms)
			ProcessInitializeOnLoadMethodAttributes (234ms)
			AfterProcessingInitializeOnLoad (41ms)
			EditorAssembliesLoaded (2ms)
		ExecutionOrderSort2 (0ms)
		AwakeInstancesAfterBackupRestoration (71ms)
Refreshing native plugins compatible for Editor in 30.51 ms, found 6 plugins.
Preloading 0 native plugins for Editor in 0.00 ms.
Unloading 5510 Unused Serialized files (Serialized files now loaded: 0)
Unloading 51 unused Assets / (323.2 KB). Loaded Objects now: 6140.
Memory consumption went from 186.9 MB to 186.6 MB.
Total: 13.215400 ms (FindLiveObjects: 1.016100 ms CreateObjectMapping: 0.746500 ms MarkObjects: 11.211200 ms  DeleteObjects: 0.237800 ms)

Prepare: number of updated asset objects reloaded= 0
AssetImportParameters requested are different than current active one (requested -> active):
  custom:container-demuxer-ogg: 62fdf1f143b41e24485cea50d1cbac27 -> 
  custom:video-decoder-ogg-theora: a1e56fd34408186e4bbccfd4996cb3dc -> 
  custom:framework-win-MediaFoundation: 216162199b28c13a410421893ffa2e32 -> 
  custom:CustomObjectIndexerAttribute: a3ef5dd2817f97addfee359851a9dba5 -> 
  custom:container-demuxer-webm: 4f35f7cbe854078d1ac9338744f61a02 -> 
  custom:container-muxer-webm: aa71ff27fc2769a1b78a27578f13a17b -> 
  custom:video-decoder-webm-vp8: 9c59270c3fd7afecdb556c50c9e8de78 -> 
  custom:SearchIndexIgnoredProperties: e643bd26f0fe6173181afceb89e7c659 -> 
  custom:AudioImporter_EditorPlatform: d09bf68614088b80899f8185d706f6e7 -> 
  custom:video-encoder-webm-vp8: eb34c28f22e8b96e1ab97ce403110664 -> 
  custom:audio-decoder-ogg-vorbis: bf7c407c2cedff20999df2af8eb42d56 -> 
  custom:audio-encoder-webm-vorbis: bf7c407c2cedff20999df2af8eb42d56 -> 
========================================================================
Received Prepare
Begin MonoManager ReloadAssembly
- Loaded All Assemblies, in  1.646 seconds
Refreshing native plugins compatible for Editor in 19.13 ms, found 6 plugins.
Native extension for WindowsStandalone target not found
Native extension for WebGL target not found
[Package Manager] Server::EnsureServerProcessIsRunning -- launch failed, reason: Unity was launched with the -noUpm command-line argument
[Package Manager] UpmClient::Send -- Unable to send message (not connected to UPM process).
[Package Manager] Cannot connect to Unity Package Manager local server
Mono: successfully reloaded assembly
- Finished resetting the current domain, in  3.411 seconds
Domain Reload Profiling: 5031ms
	BeginReloadAssembly (563ms)
		ExecutionOrderSort (0ms)
		DisableScriptedObjects (29ms)
		BackupInstance (0ms)
		ReleaseScriptingObjects (0ms)
		CreateAndSetChildDomain (93ms)
	RebuildCommonClasses (134ms)
	RebuildNativeTypeToScriptingClass (42ms)
	initialDomainReloadingComplete (115ms)
	LoadAllAssembliesAndSetupDomain (765ms)
		LoadAssemblies (1016ms)
		RebuildTransferFunctionScriptingTraits (0ms)
		AnalyzeDomain (108ms)
			TypeCache.Refresh (23ms)
				TypeCache.ScanAssembly (2ms)
			ScanForSourceGeneratedMonoScriptInfo (58ms)
			ResolveRequiredComponents (26ms)
	FinalizeReload (3413ms)
		ReleaseScriptCaches (0ms)
		RebuildScriptCaches (0ms)
		SetupLoadedEditorAssemblies (1201ms)
			LogAssemblyErrors (0ms)
			InitializePlatformSupportModulesInManaged (19ms)
			SetLoadedEditorAssemblies (12ms)
			RefreshPlugins (0ms)
			BeforeProcessingInitializeOnLoad (254ms)
			ProcessInitializeOnLoadAttributes (730ms)
			ProcessInitializeOnLoadMethodAttributes (156ms)
			AfterProcessingInitializeOnLoad (29ms)
			EditorAssembliesLoaded (0ms)
		ExecutionOrderSort2 (0ms)
		AwakeInstancesAfterBackupRestoration (44ms)
Refreshing native plugins compatible for Editor in 23.29 ms, found 6 plugins.
Preloading 0 native plugins for Editor in 0.00 ms.
Unloading 5510 Unused Serialized files (Serialized files now loaded: 0)
Unloading 51 unused Assets / (322.3 KB). Loaded Objects now: 6145.
Memory consumption went from 186.9 MB to 186.6 MB.
Total: 6.079100 ms (FindLiveObjects: 0.590000 ms CreateObjectMapping: 0.420700 ms MarkObjects: 4.921900 ms  DeleteObjects: 0.145200 ms)

Prepare: number of updated asset objects reloaded= 0
AssetImportParameters requested are different than current active one (requested -> active):
  custom:container-demuxer-ogg: 62fdf1f143b41e24485cea50d1cbac27 -> 
  custom:video-decoder-ogg-theora: a1e56fd34408186e4bbccfd4996cb3dc -> 
  custom:framework-win-MediaFoundation: 216162199b28c13a410421893ffa2e32 -> 
  custom:CustomObjectIndexerAttribute: a3ef5dd2817f97addfee359851a9dba5 -> 
  custom:container-demuxer-webm: 4f35f7cbe854078d1ac9338744f61a02 -> 
  custom:container-muxer-webm: aa71ff27fc2769a1b78a27578f13a17b -> 
  custom:video-decoder-webm-vp8: 9c59270c3fd7afecdb556c50c9e8de78 -> 
  custom:SearchIndexIgnoredProperties: e643bd26f0fe6173181afceb89e7c659 -> 
  custom:AudioImporter_EditorPlatform: d09bf68614088b80899f8185d706f6e7 -> 
  custom:video-encoder-webm-vp8: eb34c28f22e8b96e1ab97ce403110664 -> 
  custom:audio-decoder-ogg-vorbis: bf7c407c2cedff20999df2af8eb42d56 -> 
  custom:audio-encoder-webm-vorbis: bf7c407c2cedff20999df2af8eb42d56 -> 
========================================================================
Received Prepare
Begin MonoManager ReloadAssembly
- Loaded All Assemblies, in  5.608 seconds
Refreshing native plugins compatible for Editor in 45.47 ms, found 6 plugins.
Native extension for WindowsStandalone target not found
Native extension for WebGL target not found
[Package Manager] Server::EnsureServerProcessIsRunning -- launch failed, reason: Unity was launched with the -noUpm command-line argument
[Package Manager] UpmClient::Send -- Unable to send message (not connected to UPM process).
[Package Manager] Cannot connect to Unity Package Manager local server
Mono: successfully reloaded assembly
- Finished resetting the current domain, in 13.451 seconds
Domain Reload Profiling: 19038ms
	BeginReloadAssembly (1138ms)
		ExecutionOrderSort (0ms)
		DisableScriptedObjects (49ms)
		BackupInstance (0ms)
		ReleaseScriptingObjects (0ms)
		CreateAndSetChildDomain (144ms)
	RebuildCommonClasses (400ms)
	RebuildNativeTypeToScriptingClass (107ms)
	initialDomainReloadingComplete (166ms)
	LoadAllAssembliesAndSetupDomain (3771ms)
		LoadAssemblies (4089ms)
		RebuildTransferFunctionScriptingTraits (0ms)
		AnalyzeDomain (494ms)
			TypeCache.Refresh (103ms)
				TypeCache.ScanAssembly (24ms)
			ScanForSourceGeneratedMonoScriptInfo (339ms)
			ResolveRequiredComponents (49ms)
	FinalizeReload (13456ms)
		ReleaseScriptCaches (0ms)
		RebuildScriptCaches (0ms)
		SetupLoadedEditorAssemblies (3515ms)
			LogAssemblyErrors (0ms)
			InitializePlatformSupportModulesInManaged (151ms)
			SetLoadedEditorAssemblies (34ms)
			RefreshPlugins (0ms)
			BeforeProcessingInitializeOnLoad (914ms)
			ProcessInitializeOnLoadAttributes (1900ms)
			ProcessInitializeOnLoadMethodAttributes (471ms)
			AfterProcessingInitializeOnLoad (44ms)
			EditorAssembliesLoaded (1ms)
		ExecutionOrderSort2 (0ms)
		AwakeInstancesAfterBackupRestoration (128ms)
Refreshing native plugins compatible for Editor in 53.91 ms, found 6 plugins.
Preloading 0 native plugins for Editor in 0.00 ms.
Unloading 5510 Unused Serialized files (Serialized files now loaded: 0)
Unloading 51 unused Assets / (323.3 KB). Loaded Objects now: 6150.
Memory consumption went from 187.0 MB to 186.6 MB.
Total: 15.908600 ms (FindLiveObjects: 0.829700 ms CreateObjectMapping: 0.725500 ms MarkObjects: 13.852600 ms  DeleteObjects: 0.497600 ms)

Prepare: number of updated asset objects reloaded= 0
AssetImportParameters requested are different than current active one (requested -> active):
  custom:container-demuxer-ogg: 62fdf1f143b41e24485cea50d1cbac27 -> 
  custom:video-decoder-ogg-theora: a1e56fd34408186e4bbccfd4996cb3dc -> 
  custom:framework-win-MediaFoundation: 216162199b28c13a410421893ffa2e32 -> 
  custom:CustomObjectIndexerAttribute: a3ef5dd2817f97addfee359851a9dba5 -> 
  custom:container-demuxer-webm: 4f35f7cbe854078d1ac9338744f61a02 -> 
  custom:container-muxer-webm: aa71ff27fc2769a1b78a27578f13a17b -> 
  custom:video-decoder-webm-vp8: 9c59270c3fd7afecdb556c50c9e8de78 -> 
  custom:SearchIndexIgnoredProperties: e643bd26f0fe6173181afceb89e7c659 -> 
  custom:AudioImporter_EditorPlatform: d09bf68614088b80899f8185d706f6e7 -> 
  custom:video-encoder-webm-vp8: eb34c28f22e8b96e1ab97ce403110664 -> 
  custom:audio-decoder-ogg-vorbis: bf7c407c2cedff20999df2af8eb42d56 -> 
  custom:audio-encoder-webm-vorbis: bf7c407c2cedff20999df2af8eb42d56 -> 
========================================================================
Received Prepare
Begin MonoManager ReloadAssembly
- Loaded All Assemblies, in  2.044 seconds
Refreshing native plugins compatible for Editor in 25.98 ms, found 6 plugins.
Native extension for WindowsStandalone target not found
Native extension for WebGL target not found
[Package Manager] Server::EnsureServerProcessIsRunning -- launch failed, reason: Unity was launched with the -noUpm command-line argument
[Package Manager] UpmClient::Send -- Unable to send message (not connected to UPM process).
[Package Manager] Cannot connect to Unity Package Manager local server
Mono: successfully reloaded assembly
- Finished resetting the current domain, in  8.140 seconds
Domain Reload Profiling: 10163ms
	BeginReloadAssembly (622ms)
		ExecutionOrderSort (0ms)
		DisableScriptedObjects (65ms)
		BackupInstance (0ms)
		ReleaseScriptingObjects (0ms)
		CreateAndSetChildDomain (136ms)
	RebuildCommonClasses (124ms)
	RebuildNativeTypeToScriptingClass (43ms)
	initialDomainReloadingComplete (109ms)
	LoadAllAssembliesAndSetupDomain (1125ms)
		LoadAssemblies (1295ms)
		RebuildTransferFunctionScriptingTraits (0ms)
		AnalyzeDomain (143ms)
			TypeCache.Refresh (30ms)
				TypeCache.ScanAssembly (3ms)
			ScanForSourceGeneratedMonoScriptInfo (80ms)
			ResolveRequiredComponents (31ms)
	FinalizeReload (8142ms)
		ReleaseScriptCaches (0ms)
		RebuildScriptCaches (0ms)
		SetupLoadedEditorAssemblies (3532ms)
			LogAssemblyErrors (0ms)
			InitializePlatformSupportModulesInManaged (48ms)
			SetLoadedEditorAssemblies (17ms)
			RefreshPlugins (0ms)
			BeforeProcessingInitializeOnLoad (1257ms)
			ProcessInitializeOnLoadAttributes (1830ms)
			ProcessInitializeOnLoadMethodAttributes (327ms)
			AfterProcessingInitializeOnLoad (53ms)
			EditorAssembliesLoaded (1ms)
		ExecutionOrderSort2 (0ms)
		AwakeInstancesAfterBackupRestoration (89ms)
Refreshing native plugins compatible for Editor in 38.42 ms, found 6 plugins.
Preloading 0 native plugins for Editor in 0.00 ms.
Unloading 5510 Unused Serialized files (Serialized files now loaded: 0)
Unloading 51 unused Assets / (322.2 KB). Loaded Objects now: 6155.
Memory consumption went from 187.0 MB to 186.6 MB.
Total: 9.935000 ms (FindLiveObjects: 1.287700 ms CreateObjectMapping: 0.905600 ms MarkObjects: 7.518200 ms  DeleteObjects: 0.221000 ms)

Prepare: number of updated asset objects reloaded= 0
AssetImportParameters requested are different than current active one (requested -> active):
  custom:container-demuxer-ogg: 62fdf1f143b41e24485cea50d1cbac27 -> 
  custom:video-decoder-ogg-theora: a1e56fd34408186e4bbccfd4996cb3dc -> 
  custom:framework-win-MediaFoundation: 216162199b28c13a410421893ffa2e32 -> 
  custom:CustomObjectIndexerAttribute: a3ef5dd2817f97addfee359851a9dba5 -> 
  custom:container-demuxer-webm: 4f35f7cbe854078d1ac9338744f61a02 -> 
  custom:container-muxer-webm: aa71ff27fc2769a1b78a27578f13a17b -> 
  custom:video-decoder-webm-vp8: 9c59270c3fd7afecdb556c50c9e8de78 -> 
  custom:SearchIndexIgnoredProperties: e643bd26f0fe6173181afceb89e7c659 -> 
  custom:AudioImporter_EditorPlatform: d09bf68614088b80899f8185d706f6e7 -> 
  custom:video-encoder-webm-vp8: eb34c28f22e8b96e1ab97ce403110664 -> 
  custom:audio-decoder-ogg-vorbis: bf7c407c2cedff20999df2af8eb42d56 -> 
  custom:audio-encoder-webm-vorbis: bf7c407c2cedff20999df2af8eb42d56 -> 
========================================================================
Received Prepare
Begin MonoManager ReloadAssembly
- Loaded All Assemblies, in  1.423 seconds
Refreshing native plugins compatible for Editor in 24.28 ms, found 6 plugins.
Native extension for WindowsStandalone target not found
Native extension for WebGL target not found
[Package Manager] Server::EnsureServerProcessIsRunning -- launch failed, reason: Unity was launched with the -noUpm command-line argument
[Package Manager] UpmClient::Send -- Unable to send message (not connected to UPM process).
[Package Manager] Cannot connect to Unity Package Manager local server
Mono: successfully reloaded assembly
- Finished resetting the current domain, in  7.224 seconds
Domain Reload Profiling: 8634ms
	BeginReloadAssembly (345ms)
		ExecutionOrderSort (0ms)
		DisableScriptedObjects (29ms)
		BackupInstance (0ms)
		ReleaseScriptingObjects (0ms)
		CreateAndSetChildDomain (82ms)
	RebuildCommonClasses (67ms)
	RebuildNativeTypeToScriptingClass (21ms)
	initialDomainReloadingComplete (70ms)
	LoadAllAssembliesAndSetupDomain (906ms)
		LoadAssemblies (867ms)
		RebuildTransferFunctionScriptingTraits (0ms)
		AnalyzeDomain (202ms)
			TypeCache.Refresh (81ms)
				TypeCache.ScanAssembly (7ms)
			ScanForSourceGeneratedMonoScriptInfo (87ms)
			ResolveRequiredComponents (31ms)
	FinalizeReload (7225ms)
		ReleaseScriptCaches (0ms)
		RebuildScriptCaches (0ms)
		SetupLoadedEditorAssemblies (1542ms)
			LogAssemblyErrors (0ms)
			InitializePlatformSupportModulesInManaged (26ms)
			SetLoadedEditorAssemblies (16ms)
			RefreshPlugins (0ms)
			BeforeProcessingInitializeOnLoad (274ms)
			ProcessInitializeOnLoadAttributes (1037ms)
			ProcessInitializeOnLoadMethodAttributes (154ms)
			AfterProcessingInitializeOnLoad (35ms)
			EditorAssembliesLoaded (1ms)
		ExecutionOrderSort2 (0ms)
		AwakeInstancesAfterBackupRestoration (48ms)
Refreshing native plugins compatible for Editor in 93.87 ms, found 6 plugins.
Preloading 0 native plugins for Editor in 0.00 ms.
Unloading 5508 Unused Serialized files (Serialized files now loaded: 0)
Unloading 53 unused Assets / (323.4 KB). Loaded Objects now: 6158.
Memory consumption went from 186.9 MB to 186.5 MB.
Total: 22.375600 ms (FindLiveObjects: 1.166400 ms CreateObjectMapping: 1.003500 ms MarkObjects: 19.402300 ms  DeleteObjects: 0.800600 ms)

Prepare: number of updated asset objects reloaded= 0
AssetImportParameters requested are different than current active one (requested -> active):
  custom:container-demuxer-ogg: 62fdf1f143b41e24485cea50d1cbac27 -> 
  custom:video-decoder-ogg-theora: a1e56fd34408186e4bbccfd4996cb3dc -> 
  custom:framework-win-MediaFoundation: 216162199b28c13a410421893ffa2e32 -> 
  custom:CustomObjectIndexerAttribute: a3ef5dd2817f97addfee359851a9dba5 -> 
  custom:container-demuxer-webm: 4f35f7cbe854078d1ac9338744f61a02 -> 
  custom:container-muxer-webm: aa71ff27fc2769a1b78a27578f13a17b -> 
  custom:video-decoder-webm-vp8: 9c59270c3fd7afecdb556c50c9e8de78 -> 
  custom:SearchIndexIgnoredProperties: e643bd26f0fe6173181afceb89e7c659 -> 
  custom:AudioImporter_EditorPlatform: d09bf68614088b80899f8185d706f6e7 -> 
  custom:video-encoder-webm-vp8: eb34c28f22e8b96e1ab97ce403110664 -> 
  custom:audio-decoder-ogg-vorbis: bf7c407c2cedff20999df2af8eb42d56 -> 
  custom:audio-encoder-webm-vorbis: bf7c407c2cedff20999df2af8eb42d56 -> 
========================================================================
Received Import Request.
  Time since last request: 2053.694286 seconds.
  path: Assets/_Core/Prefabs/MainSceneOrg/Managers.prefab
  artifactKey: Guid(bbb18578b569445eea3d06edb55efc1f) Importer(815301076,1909f56bfc062723c751e8b465ee728b)
Start importing Assets/_Core/Prefabs/MainSceneOrg/Managers.prefab using Guid(bbb18578b569445eea3d06edb55efc1f) Importer(815301076,1909f56bfc062723c751e8b465ee728b)  -> (artifact id: 'eaeb752ef9e4649f37fe2111bc305d2d') in 0.342828 seconds
Number of updated asset objects reloaded before import = 0
Number of asset objects unloaded after import = 70
========================================================================
Received Import Request.
  Time since last request: 43.803193 seconds.
  path: Assets/_Core/Art/void-tiles.png
  artifactKey: Guid(572f62cb89faff840b2604c89aa3206f) Importer(815301076,1909f56bfc062723c751e8b465ee728b)
Start importing Assets/_Core/Art/void-tiles.png using Guid(572f62cb89faff840b2604c89aa3206f) Importer(815301076,1909f56bfc062723c751e8b465ee728b)  -> (artifact id: 'e5facf2d4bf7c9757b89e895d9e10493') in 1.782272 seconds
Number of updated asset objects reloaded before import = 0
Number of asset objects unloaded after import = 110
========================================================================
Received Import Request.
  Time since last request: 0.000059 seconds.
  path: Assets/_Core/Art/void-tiles_55.asset
  artifactKey: Guid(2a48bb43d2bf16f4d89b441d456bbc60) Importer(815301076,1909f56bfc062723c751e8b465ee728b)
Start importing Assets/_Core/Art/void-tiles_55.asset using Guid(2a48bb43d2bf16f4d89b441d456bbc60) Importer(815301076,1909f56bfc062723c751e8b465ee728b)  -> (artifact id: 'd8bc6bf7775877fdbb0a27e37deefb32') in 0.277686 seconds
Number of updated asset objects reloaded before import = 0
Number of asset objects unloaded after import = 3
========================================================================
Received Import Request.
  Time since last request: 0.000160 seconds.
  path: Assets/_Core/Art/void-tiles_48.asset
  artifactKey: Guid(4d0b18facfa5e714a845dd4a6453582a) Importer(815301076,1909f56bfc062723c751e8b465ee728b)
Start importing Assets/_Core/Art/void-tiles_48.asset using Guid(4d0b18facfa5e714a845dd4a6453582a) Importer(815301076,1909f56bfc062723c751e8b465ee728b)  -> (artifact id: '5deea8935d32c7939c5d6a25a2845ec7') in 0.081309 seconds
Number of updated asset objects reloaded before import = 0
Number of asset objects unloaded after import = 3
========================================================================
Received Import Request.
  Time since last request: 0.000095 seconds.
  path: Assets/_Core/Art/void-tiles_46.asset
  artifactKey: Guid(cf47083078eca214b98d1709c1df3dbb) Importer(815301076,1909f56bfc062723c751e8b465ee728b)
Start importing Assets/_Core/Art/void-tiles_46.asset using Guid(cf47083078eca214b98d1709c1df3dbb) Importer(815301076,1909f56bfc062723c751e8b465ee728b)  -> (artifact id: '3efd83ca10125e9144131c9fd2c6982f') in 0.066013 seconds
Number of updated asset objects reloaded before import = 0
Number of asset objects unloaded after import = 3
========================================================================
Received Import Request.
  Time since last request: 0.000044 seconds.
  path: Assets/_Core/Art/void-tiles_9.asset
  artifactKey: Guid(f52bdf9d156a30d498657a6f02309eb5) Importer(815301076,1909f56bfc062723c751e8b465ee728b)
Start importing Assets/_Core/Art/void-tiles_9.asset using Guid(f52bdf9d156a30d498657a6f02309eb5) Importer(815301076,1909f56bfc062723c751e8b465ee728b)  -> (artifact id: 'd12341fe99ca240b3d30b95cb0ff3565') in 0.114665 seconds
Number of updated asset objects reloaded before import = 0
Number of asset objects unloaded after import = 3
========================================================================
Received Import Request.
  Time since last request: 0.000061 seconds.
  path: Assets/_Core/Art/void-tiles_62.asset
  artifactKey: Guid(7c0a115d4d0beef42a06ff1d0a73c6fb) Importer(815301076,1909f56bfc062723c751e8b465ee728b)
Start importing Assets/_Core/Art/void-tiles_62.asset using Guid(7c0a115d4d0beef42a06ff1d0a73c6fb) Importer(815301076,1909f56bfc062723c751e8b465ee728b)  -> (artifact id: '260b9c3c7a48aa9ad4db8b0da3dcbde7') in 0.125423 seconds
Number of updated asset objects reloaded before import = 0
Number of asset objects unloaded after import = 3
========================================================================
Received Import Request.
  Time since last request: 0.003384 seconds.
  path: Assets/_Core/Art/void-tiles_24.asset
  artifactKey: Guid(0450c15ed66642e43b0045dd8e21436a) Importer(815301076,1909f56bfc062723c751e8b465ee728b)
Start importing Assets/_Core/Art/void-tiles_24.asset using Guid(0450c15ed66642e43b0045dd8e21436a) Importer(815301076,1909f56bfc062723c751e8b465ee728b)  -> (artifact id: '68c94eb8ddbd2221752ab14e850621e4') in 0.058697 seconds
Number of updated asset objects reloaded before import = 0
Number of asset objects unloaded after import = 3
========================================================================
Received Import Request.
  Time since last request: 0.001608 seconds.
  path: Assets/_Core/Art/void-tiles_60.asset
  artifactKey: Guid(72d74905326dcf94b8dcc04d46259e90) Importer(815301076,1909f56bfc062723c751e8b465ee728b)
Start importing Assets/_Core/Art/void-tiles_60.asset using Guid(72d74905326dcf94b8dcc04d46259e90) Importer(815301076,1909f56bfc062723c751e8b465ee728b)  -> (artifact id: 'b35e3cdc0f47d04689bb569edba86fac') in 0.060314 seconds
Number of updated asset objects reloaded before import = 0
Number of asset objects unloaded after import = 3
========================================================================
Received Import Request.
  Time since last request: 0.000923 seconds.
  path: Assets/_Core/Art/void-tiles_2.asset
  artifactKey: Guid(34cbd148bfebd6343b638c761d34d557) Importer(815301076,1909f56bfc062723c751e8b465ee728b)
Start importing Assets/_Core/Art/void-tiles_2.asset using Guid(34cbd148bfebd6343b638c761d34d557) Importer(815301076,1909f56bfc062723c751e8b465ee728b)  -> (artifact id: '061d8734a1ed844a7e7842c5c0a00cbd') in 0.056866 seconds
Number of updated asset objects reloaded before import = 0
Number of asset objects unloaded after import = 3
========================================================================
Received Import Request.
  Time since last request: 0.000088 seconds.
  path: Assets/_Core/Art/void-tiles_44.asset
  artifactKey: Guid(a15ffb88b2401954a80c1ec397f7f42a) Importer(815301076,1909f56bfc062723c751e8b465ee728b)
Start importing Assets/_Core/Art/void-tiles_44.asset using Guid(a15ffb88b2401954a80c1ec397f7f42a) Importer(815301076,1909f56bfc062723c751e8b465ee728b)  -> (artifact id: 'bd013bf0cfe2e36a67c2b84070542c39') in 0.027747 seconds
Number of updated asset objects reloaded before import = 0
Number of asset objects unloaded after import = 3
========================================================================
Received Import Request.
  Time since last request: 0.000172 seconds.
  path: Assets/_Core/Art/void-tiles_61.asset
  artifactKey: Guid(fd8b12fba9d18824ab034fe0b977a552) Importer(815301076,1909f56bfc062723c751e8b465ee728b)
Start importing Assets/_Core/Art/void-tiles_61.asset using Guid(fd8b12fba9d18824ab034fe0b977a552) Importer(815301076,1909f56bfc062723c751e8b465ee728b)  -> (artifact id: '7799209f1ffcb878abf60fbba1fd1677') in 0.050182 seconds
Number of updated asset objects reloaded before import = 0
Number of asset objects unloaded after import = 3
========================================================================
Received Import Request.
  Time since last request: 0.000038 seconds.
  path: Assets/_Core/Art/void-tiles_4.asset
  artifactKey: Guid(8088cb1f83f105d4d909896588b42b3e) Importer(815301076,1909f56bfc062723c751e8b465ee728b)
Start importing Assets/_Core/Art/void-tiles_4.asset using Guid(8088cb1f83f105d4d909896588b42b3e) Importer(815301076,1909f56bfc062723c751e8b465ee728b)  -> (artifact id: '9d2e4abe00907a7c24c02fe6c75b8779') in 0.055780 seconds
Number of updated asset objects reloaded before import = 0
Number of asset objects unloaded after import = 3
========================================================================
Received Import Request.
  Time since last request: 0.000037 seconds.
  path: Assets/_Core/Art/void-tiles_41.asset
  artifactKey: Guid(8f38d5fff55b25c44ae6cdeb20082665) Importer(815301076,1909f56bfc062723c751e8b465ee728b)
Start importing Assets/_Core/Art/void-tiles_41.asset using Guid(8f38d5fff55b25c44ae6cdeb20082665) Importer(815301076,1909f56bfc062723c751e8b465ee728b)  -> (artifact id: '9d059ac2249175900fb372c33f828712') in 0.057452 seconds
Number of updated asset objects reloaded before import = 0
Number of asset objects unloaded after import = 3
========================================================================
Received Import Request.
  Time since last request: 0.000060 seconds.
  path: Assets/_Core/Art/void-tiles_50.asset
  artifactKey: Guid(78b7167d7cea75744a59c8f4f3893020) Importer(815301076,1909f56bfc062723c751e8b465ee728b)
Start importing Assets/_Core/Art/void-tiles_50.asset using Guid(78b7167d7cea75744a59c8f4f3893020) Importer(815301076,1909f56bfc062723c751e8b465ee728b)  -> (artifact id: '993c458fddf3bd891df3b5da832f7001') in 0.071100 seconds
Number of updated asset objects reloaded before import = 0
Number of asset objects unloaded after import = 3
========================================================================
Received Import Request.
  Time since last request: 0.000034 seconds.
  path: Assets/_Core/Art/void-tiles_39.asset
  artifactKey: Guid(5d325b4a275bbf84b82b9a4523d7c667) Importer(815301076,1909f56bfc062723c751e8b465ee728b)
Start importing Assets/_Core/Art/void-tiles_39.asset using Guid(5d325b4a275bbf84b82b9a4523d7c667) Importer(815301076,1909f56bfc062723c751e8b465ee728b)  -> (artifact id: '82392f56d379cfcb3a4212e2d568dd78') in 0.059123 seconds
Number of updated asset objects reloaded before import = 0
Number of asset objects unloaded after import = 3
========================================================================
Received Import Request.
  Time since last request: 0.000041 seconds.
  path: Assets/_Core/Art/Sprites/Coop Spike 1.png
  artifactKey: Guid(179866c6646a443f584185dc487b41d3) Importer(815301076,1909f56bfc062723c751e8b465ee728b)
Start importing Assets/_Core/Art/Sprites/Coop Spike 1.png using Guid(179866c6646a443f584185dc487b41d3) Importer(815301076,1909f56bfc062723c751e8b465ee728b)  -> (artifact id: 'fa96f10608ae493191c0b9485b862a10') in 0.305914 seconds
Number of updated asset objects reloaded before import = 0
Number of asset objects unloaded after import = 10
========================================================================
Received Import Request.
  Time since last request: 0.000069 seconds.
  path: Assets/_Core/Art/void-tiles_30.asset
  artifactKey: Guid(71bf9ae2ad1fd964fbdfa8caed37d0f4) Importer(815301076,1909f56bfc062723c751e8b465ee728b)
Start importing Assets/_Core/Art/void-tiles_30.asset using Guid(71bf9ae2ad1fd964fbdfa8caed37d0f4) Importer(815301076,1909f56bfc062723c751e8b465ee728b)  -> (artifact id: '1e84495aac482e15f309b65058daf6d0') in 0.065053 seconds
Number of updated asset objects reloaded before import = 0
Number of asset objects unloaded after import = 3
========================================================================
Received Import Request.
  Time since last request: 0.000086 seconds.
  path: Assets/_Core/Art/void-tiles_15.asset
  artifactKey: Guid(bc532eefcc5e9124d915695dabb936fa) Importer(815301076,1909f56bfc062723c751e8b465ee728b)
Start importing Assets/_Core/Art/void-tiles_15.asset using Guid(bc532eefcc5e9124d915695dabb936fa) Importer(815301076,1909f56bfc062723c751e8b465ee728b)  -> (artifact id: 'a73d70f1d738c81f56338993bfd7e465') in 0.106574 seconds
Number of updated asset objects reloaded before import = 0
Number of asset objects unloaded after import = 3
========================================================================
Received Import Request.
  Time since last request: 0.000061 seconds.
  path: Assets/_Core/Art/Sprites/Bar.png
  artifactKey: Guid(7f36c6a1da1d1d040928be7973af0868) Importer(815301076,1909f56bfc062723c751e8b465ee728b)
Start importing Assets/_Core/Art/Sprites/Bar.png using Guid(7f36c6a1da1d1d040928be7973af0868) Importer(815301076,1909f56bfc062723c751e8b465ee728b)  -> (artifact id: '45d5827a54e7a7c59f1473ad5116046f') in 0.181572 seconds
Number of updated asset objects reloaded before import = 0
Number of asset objects unloaded after import = 3
========================================================================
Received Import Request.
  Time since last request: 0.000710 seconds.
  path: Assets/_Core/Art/void-tiles_11.asset
  artifactKey: Guid(05fd53094748b214d9f68149f3f523e0) Importer(815301076,1909f56bfc062723c751e8b465ee728b)
Start importing Assets/_Core/Art/void-tiles_11.asset using Guid(05fd53094748b214d9f68149f3f523e0) Importer(815301076,1909f56bfc062723c751e8b465ee728b)  -> (artifact id: '021ae1c058c22e8104990f2f29fc903e') in 0.074917 seconds
Number of updated asset objects reloaded before import = 0
Number of asset objects unloaded after import = 3
========================================================================
Received Import Request.
  Time since last request: 0.003486 seconds.
  path: Assets/_Core/Art/void-tiles_40.asset
  artifactKey: Guid(858f2a8a933328a43a574bce338a3a7b) Importer(815301076,1909f56bfc062723c751e8b465ee728b)
Start importing Assets/_Core/Art/void-tiles_40.asset using Guid(858f2a8a933328a43a574bce338a3a7b) Importer(815301076,1909f56bfc062723c751e8b465ee728b)  -> (artifact id: '0a50401264533252f35351f330cd4020') in 0.085487 seconds
Number of updated asset objects reloaded before import = 0
Number of asset objects unloaded after import = 3
========================================================================
Received Import Request.
  Time since last request: 0.000116 seconds.
  path: Assets/_Core/Art/void-tiles_1.asset
  artifactKey: Guid(b0ab2e6c1f89b0b41a3ba71739ed9320) Importer(815301076,1909f56bfc062723c751e8b465ee728b)
Start importing Assets/_Core/Art/void-tiles_1.asset using Guid(b0ab2e6c1f89b0b41a3ba71739ed9320) Importer(815301076,1909f56bfc062723c751e8b465ee728b)  -> (artifact id: 'c07c7d026ee92f9b1855145ae3d5a914') in 0.038084 seconds
Number of updated asset objects reloaded before import = 0
Number of asset objects unloaded after import = 3
========================================================================
Received Import Request.
  Time since last request: 0.001644 seconds.
  path: Assets/_Core/Art/void-tiles_32.asset
  artifactKey: Guid(111f5120c1b4e2e4fb875aaf26812e10) Importer(815301076,1909f56bfc062723c751e8b465ee728b)
Start importing Assets/_Core/Art/void-tiles_32.asset using Guid(111f5120c1b4e2e4fb875aaf26812e10) Importer(815301076,1909f56bfc062723c751e8b465ee728b)  -> (artifact id: 'ec6f8ccbaaa5606334c91549c86cb1b8') in 0.067220 seconds
Number of updated asset objects reloaded before import = 0
Number of asset objects unloaded after import = 3
========================================================================
Received Import Request.
  Time since last request: 0.000106 seconds.
  path: Assets/_Core/Art/void-tiles_12.asset
  artifactKey: Guid(d97aa4bb1037fd744ba7c80dd8f46099) Importer(815301076,1909f56bfc062723c751e8b465ee728b)
Start importing Assets/_Core/Art/void-tiles_12.asset using Guid(d97aa4bb1037fd744ba7c80dd8f46099) Importer(815301076,1909f56bfc062723c751e8b465ee728b)  -> (artifact id: '1a5f622522feae64c75d01d1fdda51d6') in 0.063112 seconds
Number of updated asset objects reloaded before import = 0
Number of asset objects unloaded after import = 3
========================================================================
Received Import Request.
  Time since last request: 0.004440 seconds.
  path: Assets/_Core/Art/void-tiles_6.asset
  artifactKey: Guid(65119b5b8b05e2f4cb37a7be00568fb8) Importer(815301076,1909f56bfc062723c751e8b465ee728b)
Start importing Assets/_Core/Art/void-tiles_6.asset using Guid(65119b5b8b05e2f4cb37a7be00568fb8) Importer(815301076,1909f56bfc062723c751e8b465ee728b)  -> (artifact id: 'ee67fe33d3f9e673caa7f37398c79dc1') in 0.049310 seconds
Number of updated asset objects reloaded before import = 0
Number of asset objects unloaded after import = 3
========================================================================
Received Import Request.
  Time since last request: 0.005016 seconds.
  path: Assets/_Core/Art/void-tiles_20.asset
  artifactKey: Guid(ec1348f3a4f42e94f9a3100ae610b13d) Importer(815301076,1909f56bfc062723c751e8b465ee728b)
Start importing Assets/_Core/Art/void-tiles_20.asset using Guid(ec1348f3a4f42e94f9a3100ae610b13d) Importer(815301076,1909f56bfc062723c751e8b465ee728b)  -> (artifact id: 'e95bb01408edb588f0df97e3e13d3854') in 0.075532 seconds
Number of updated asset objects reloaded before import = 0
Number of asset objects unloaded after import = 3
========================================================================
Received Import Request.
  Time since last request: 0.002041 seconds.
  path: Assets/_Core/Art/void-tiles_31.asset
  artifactKey: Guid(1007baa17a8060342a0ccc06e1993a79) Importer(815301076,1909f56bfc062723c751e8b465ee728b)
Start importing Assets/_Core/Art/void-tiles_31.asset using Guid(1007baa17a8060342a0ccc06e1993a79) Importer(815301076,1909f56bfc062723c751e8b465ee728b)  -> (artifact id: 'd1f43f2416d7df539c4dcbceeb63cebb') in 0.342629 seconds
Number of updated asset objects reloaded before import = 0
Number of asset objects unloaded after import = 3
========================================================================
Received Import Request.
  Time since last request: 0.008817 seconds.
  path: Assets/_Core/Art/void-tiles_21.asset
  artifactKey: Guid(75416b8583e8f5c46b3c2101a5893b98) Importer(815301076,1909f56bfc062723c751e8b465ee728b)
Start importing Assets/_Core/Art/void-tiles_21.asset using Guid(75416b8583e8f5c46b3c2101a5893b98) Importer(815301076,1909f56bfc062723c751e8b465ee728b)  -> (artifact id: '72a508d519792ec6c376dc47a054d58f') in 0.114446 seconds
Number of updated asset objects reloaded before import = 0
Number of asset objects unloaded after import = 3
========================================================================
Received Import Request.
  Time since last request: 0.000160 seconds.
  path: Assets/_Core/Art/void-tiles_51.asset
  artifactKey: Guid(284dfac544404ab41847d6a5fdbced30) Importer(815301076,1909f56bfc062723c751e8b465ee728b)
Start importing Assets/_Core/Art/void-tiles_51.asset using Guid(284dfac544404ab41847d6a5fdbced30) Importer(815301076,1909f56bfc062723c751e8b465ee728b)  -> (artifact id: '5ca65c2c1d4779f5e9ab4a524cb72f76') in 0.102925 seconds
Number of updated asset objects reloaded before import = 0
Number of asset objects unloaded after import = 3
========================================================================
Received Prepare
Begin MonoManager ReloadAssembly
- Loaded All Assemblies, in  1.687 seconds
Refreshing native plugins compatible for Editor in 33.54 ms, found 6 plugins.
Native extension for WindowsStandalone target not found
Native extension for WebGL target not found
[Package Manager] Server::EnsureServerProcessIsRunning -- launch failed, reason: Unity was launched with the -noUpm command-line argument
[Package Manager] UpmClient::Send -- Unable to send message (not connected to UPM process).
[Package Manager] Cannot connect to Unity Package Manager local server
Mono: successfully reloaded assembly
- Finished resetting the current domain, in  5.048 seconds
Domain Reload Profiling: 6715ms
	BeginReloadAssembly (571ms)
		ExecutionOrderSort (0ms)
		DisableScriptedObjects (30ms)
		BackupInstance (0ms)
		ReleaseScriptingObjects (0ms)
		CreateAndSetChildDomain (183ms)
	RebuildCommonClasses (158ms)
	RebuildNativeTypeToScriptingClass (55ms)
	initialDomainReloadingComplete (180ms)
	LoadAllAssembliesAndSetupDomain (702ms)
		LoadAssemblies (851ms)
		RebuildTransferFunctionScriptingTraits (0ms)
		AnalyzeDomain (112ms)
			TypeCache.Refresh (23ms)
				TypeCache.ScanAssembly (3ms)
			ScanForSourceGeneratedMonoScriptInfo (54ms)
			ResolveRequiredComponents (32ms)
	FinalizeReload (5049ms)
		ReleaseScriptCaches (0ms)
		RebuildScriptCaches (0ms)
		SetupLoadedEditorAssemblies (1296ms)
			LogAssemblyErrors (0ms)
			InitializePlatformSupportModulesInManaged (28ms)
			SetLoadedEditorAssemblies (16ms)
			RefreshPlugins (0ms)
			BeforeProcessingInitializeOnLoad (374ms)
			ProcessInitializeOnLoadAttributes (652ms)
			ProcessInitializeOnLoadMethodAttributes (197ms)
			AfterProcessingInitializeOnLoad (29ms)
			EditorAssembliesLoaded (1ms)
		ExecutionOrderSort2 (0ms)
		AwakeInstancesAfterBackupRestoration (54ms)
Refreshing native plugins compatible for Editor in 22.62 ms, found 6 plugins.
Preloading 0 native plugins for Editor in 0.00 ms.
Unloading 5509 Unused Serialized files (Serialized files now loaded: 0)
Unloading 51 unused Assets / (325.2 KB). Loaded Objects now: 6177.
Memory consumption went from 191.2 MB to 190.8 MB.
Total: 7.932400 ms (FindLiveObjects: 0.808400 ms CreateObjectMapping: 0.628900 ms MarkObjects: 6.242800 ms  DeleteObjects: 0.249700 ms)

Prepare: number of updated asset objects reloaded= 0
AssetImportParameters requested are different than current active one (requested -> active):
  custom:container-demuxer-ogg: 62fdf1f143b41e24485cea50d1cbac27 -> 
  custom:video-decoder-ogg-theora: a1e56fd34408186e4bbccfd4996cb3dc -> 
  custom:framework-win-MediaFoundation: 216162199b28c13a410421893ffa2e32 -> 
  custom:CustomObjectIndexerAttribute: a3ef5dd2817f97addfee359851a9dba5 -> 
  custom:container-demuxer-webm: 4f35f7cbe854078d1ac9338744f61a02 -> 
  custom:container-muxer-webm: aa71ff27fc2769a1b78a27578f13a17b -> 
  custom:video-decoder-webm-vp8: 9c59270c3fd7afecdb556c50c9e8de78 -> 
  custom:SearchIndexIgnoredProperties: e643bd26f0fe6173181afceb89e7c659 -> 
  custom:AudioImporter_EditorPlatform: d09bf68614088b80899f8185d706f6e7 -> 
  custom:video-encoder-webm-vp8: eb34c28f22e8b96e1ab97ce403110664 -> 
  custom:audio-decoder-ogg-vorbis: bf7c407c2cedff20999df2af8eb42d56 -> 
  custom:audio-encoder-webm-vorbis: bf7c407c2cedff20999df2af8eb42d56 -> 
========================================================================
Received Import Request.
  Time since last request: 384.524031 seconds.
  path: Assets/_Core/Scenes/MainScene.unity
  artifactKey: Guid(8c9cfa26abfee488c85f1582747f6a02) Importer(815301076,1909f56bfc062723c751e8b465ee728b)
Start importing Assets/_Core/Scenes/MainScene.unity using Guid(8c9cfa26abfee488c85f1582747f6a02) Importer(815301076,1909f56bfc062723c751e8b465ee728b)  -> (artifact id: 'b3648df719f81940062a317e02546d04') in 0.004374 seconds
Number of updated asset objects reloaded before import = 0
Number of asset objects unloaded after import = 0
========================================================================
Received Prepare
Begin MonoManager ReloadAssembly
- Loaded All Assemblies, in  1.931 seconds
Refreshing native plugins compatible for Editor in 20.53 ms, found 6 plugins.
Native extension for WindowsStandalone target not found
Native extension for WebGL target not found
[Package Manager] Server::EnsureServerProcessIsRunning -- launch failed, reason: Unity was launched with the -noUpm command-line argument
[Package Manager] UpmClient::Send -- Unable to send message (not connected to UPM process).
[Package Manager] Cannot connect to Unity Package Manager local server
Mono: successfully reloaded assembly
- Finished resetting the current domain, in  8.312 seconds
Domain Reload Profiling: 10236ms
	BeginReloadAssembly (803ms)
		ExecutionOrderSort (0ms)
		DisableScriptedObjects (50ms)
		BackupInstance (0ms)
		ReleaseScriptingObjects (0ms)
		CreateAndSetChildDomain (149ms)
	RebuildCommonClasses (149ms)
	RebuildNativeTypeToScriptingClass (40ms)
	initialDomainReloadingComplete (142ms)
	LoadAllAssembliesAndSetupDomain (774ms)
		LoadAssemblies (1214ms)
		RebuildTransferFunctionScriptingTraits (0ms)
		AnalyzeDomain (41ms)
			TypeCache.Refresh (13ms)
				TypeCache.ScanAssembly (0ms)
			ScanForSourceGeneratedMonoScriptInfo (0ms)
			ResolveRequiredComponents (26ms)
	FinalizeReload (8328ms)
		ReleaseScriptCaches (0ms)
		RebuildScriptCaches (0ms)
		SetupLoadedEditorAssemblies (4584ms)
			LogAssemblyErrors (0ms)
			InitializePlatformSupportModulesInManaged (27ms)
			SetLoadedEditorAssemblies (12ms)
			RefreshPlugins (0ms)
			BeforeProcessingInitializeOnLoad (283ms)
			ProcessInitializeOnLoadAttributes (3403ms)
			ProcessInitializeOnLoadMethodAttributes (782ms)
			AfterProcessingInitializeOnLoad (76ms)
			EditorAssembliesLoaded (2ms)
		ExecutionOrderSort2 (0ms)
		AwakeInstancesAfterBackupRestoration (233ms)
Refreshing native plugins compatible for Editor in 128.72 ms, found 6 plugins.
Preloading 0 native plugins for Editor in 0.00 ms.
Unloading 5509 Unused Serialized files (Serialized files now loaded: 0)
Unloading 51 unused Assets / (322.4 KB). Loaded Objects now: 6182.
Memory consumption went from 191.2 MB to 190.8 MB.
Total: 45.092800 ms (FindLiveObjects: 0.865700 ms CreateObjectMapping: 1.348000 ms MarkObjects: 42.567000 ms  DeleteObjects: 0.309400 ms)

Prepare: number of updated asset objects reloaded= 0
AssetImportParameters requested are different than current active one (requested -> active):
  custom:container-demuxer-ogg: 62fdf1f143b41e24485cea50d1cbac27 -> 
  custom:video-decoder-ogg-theora: a1e56fd34408186e4bbccfd4996cb3dc -> 
  custom:framework-win-MediaFoundation: 216162199b28c13a410421893ffa2e32 -> 
  custom:CustomObjectIndexerAttribute: a3ef5dd2817f97addfee359851a9dba5 -> 
  custom:container-demuxer-webm: 4f35f7cbe854078d1ac9338744f61a02 -> 
  custom:container-muxer-webm: aa71ff27fc2769a1b78a27578f13a17b -> 
  custom:video-decoder-webm-vp8: 9c59270c3fd7afecdb556c50c9e8de78 -> 
  custom:SearchIndexIgnoredProperties: e643bd26f0fe6173181afceb89e7c659 -> 
  custom:AudioImporter_EditorPlatform: d09bf68614088b80899f8185d706f6e7 -> 
  custom:video-encoder-webm-vp8: eb34c28f22e8b96e1ab97ce403110664 -> 
  custom:audio-decoder-ogg-vorbis: bf7c407c2cedff20999df2af8eb42d56 -> 
  custom:audio-encoder-webm-vorbis: bf7c407c2cedff20999df2af8eb42d56 -> 
========================================================================
Received Prepare
Begin MonoManager ReloadAssembly
- Loaded All Assemblies, in  2.025 seconds
Refreshing native plugins compatible for Editor in 72.09 ms, found 6 plugins.
Native extension for WindowsStandalone target not found
Native extension for WebGL target not found
[Package Manager] Server::EnsureServerProcessIsRunning -- launch failed, reason: Unity was launched with the -noUpm command-line argument
[Package Manager] UpmClient::Send -- Unable to send message (not connected to UPM process).
[Package Manager] Cannot connect to Unity Package Manager local server
Mono: successfully reloaded assembly
- Finished resetting the current domain, in 22.294 seconds
Domain Reload Profiling: 24297ms
	BeginReloadAssembly (628ms)
		ExecutionOrderSort (0ms)
		DisableScriptedObjects (61ms)
		BackupInstance (0ms)
		ReleaseScriptingObjects (0ms)
		CreateAndSetChildDomain (130ms)
	RebuildCommonClasses (103ms)
	RebuildNativeTypeToScriptingClass (65ms)
	initialDomainReloadingComplete (149ms)
	LoadAllAssembliesAndSetupDomain (1055ms)
		LoadAssemblies (1302ms)
		RebuildTransferFunctionScriptingTraits (0ms)
		AnalyzeDomain (89ms)
			TypeCache.Refresh (32ms)
				TypeCache.ScanAssembly (0ms)
			ScanForSourceGeneratedMonoScriptInfo (0ms)
			ResolveRequiredComponents (53ms)
	FinalizeReload (22296ms)
		ReleaseScriptCaches (0ms)
		RebuildScriptCaches (0ms)
		SetupLoadedEditorAssemblies (6161ms)
			LogAssemblyErrors (0ms)
			InitializePlatformSupportModulesInManaged (121ms)
			SetLoadedEditorAssemblies (55ms)
			RefreshPlugins (0ms)
			BeforeProcessingInitializeOnLoad (797ms)
			ProcessInitializeOnLoadAttributes (4804ms)
			ProcessInitializeOnLoadMethodAttributes (352ms)
			AfterProcessingInitializeOnLoad (30ms)
			EditorAssembliesLoaded (1ms)
		ExecutionOrderSort2 (0ms)
		AwakeInstancesAfterBackupRestoration (386ms)
Refreshing native plugins compatible for Editor in 164.97 ms, found 6 plugins.
Preloading 0 native plugins for Editor in 0.00 ms.
Unloading 5509 Unused Serialized files (Serialized files now loaded: 0)
Unloading 51 unused Assets / (321.9 KB). Loaded Objects now: 6187.
Memory consumption went from 191.2 MB to 190.8 MB.
Total: 28.952200 ms (FindLiveObjects: 3.510700 ms CreateObjectMapping: 1.216900 ms MarkObjects: 23.993800 ms  DeleteObjects: 0.227900 ms)

Prepare: number of updated asset objects reloaded= 0
AssetImportParameters requested are different than current active one (requested -> active):
  custom:container-demuxer-ogg: 62fdf1f143b41e24485cea50d1cbac27 -> 
  custom:video-decoder-ogg-theora: a1e56fd34408186e4bbccfd4996cb3dc -> 
  custom:framework-win-MediaFoundation: 216162199b28c13a410421893ffa2e32 -> 
  custom:CustomObjectIndexerAttribute: a3ef5dd2817f97addfee359851a9dba5 -> 
  custom:container-demuxer-webm: 4f35f7cbe854078d1ac9338744f61a02 -> 
  custom:container-muxer-webm: aa71ff27fc2769a1b78a27578f13a17b -> 
  custom:video-decoder-webm-vp8: 9c59270c3fd7afecdb556c50c9e8de78 -> 
  custom:SearchIndexIgnoredProperties: e643bd26f0fe6173181afceb89e7c659 -> 
  custom:AudioImporter_EditorPlatform: d09bf68614088b80899f8185d706f6e7 -> 
  custom:video-encoder-webm-vp8: eb34c28f22e8b96e1ab97ce403110664 -> 
  custom:audio-decoder-ogg-vorbis: bf7c407c2cedff20999df2af8eb42d56 -> 
  custom:audio-encoder-webm-vorbis: bf7c407c2cedff20999df2af8eb42d56 -> 
========================================================================
Received Import Request.
  Time since last request: 1074.467941 seconds.
  path: Assets/_Core/Scripts/Health.cs
  artifactKey: Guid(81afe3d2ba5f645489729b496ac68d3d) Importer(815301076,1909f56bfc062723c751e8b465ee728b)
Start importing Assets/_Core/Scripts/Health.cs using Guid(81afe3d2ba5f645489729b496ac68d3d) Importer(815301076,1909f56bfc062723c751e8b465ee728b)  -> (artifact id: 'ac91ea7de5f4079b2191ef145bb4d388') in 0.010013 seconds
Number of updated asset objects reloaded before import = 0
Number of asset objects unloaded after import = 0
========================================================================
Received Import Request.
  Time since last request: 71.928929 seconds.
  path: Assets/_Core/Scripts/Health.cs
  artifactKey: Guid(81afe3d2ba5f645489729b496ac68d3d) Importer(815301076,1909f56bfc062723c751e8b465ee728b)
Start importing Assets/_Core/Scripts/Health.cs using Guid(81afe3d2ba5f645489729b496ac68d3d) Importer(815301076,1909f56bfc062723c751e8b465ee728b)  -> (artifact id: 'b097ac204364ac2bedde106eaff65e43') in 1.115935 seconds
Number of updated asset objects reloaded before import = 0
Number of asset objects unloaded after import = 0
========================================================================
Received Prepare
Begin MonoManager ReloadAssembly
- Loaded All Assemblies, in  9.185 seconds
Refreshing native plugins compatible for Editor in 27.80 ms, found 6 plugins.
Native extension for WindowsStandalone target not found
Native extension for WebGL target not found
[Package Manager] Server::EnsureServerProcessIsRunning -- launch failed, reason: Unity was launched with the -noUpm command-line argument
[Package Manager] UpmClient::Send -- Unable to send message (not connected to UPM process).
[Package Manager] Cannot connect to Unity Package Manager local server
Mono: successfully reloaded assembly
- Finished resetting the current domain, in  5.174 seconds
Domain Reload Profiling: 14135ms
	BeginReloadAssembly (3287ms)
		ExecutionOrderSort (0ms)
		DisableScriptedObjects (89ms)
		BackupInstance (0ms)
		ReleaseScriptingObjects (0ms)
		CreateAndSetChildDomain (626ms)
	RebuildCommonClasses (644ms)
	RebuildNativeTypeToScriptingClass (150ms)
	initialDomainReloadingComplete (1128ms)
	LoadAllAssembliesAndSetupDomain (3750ms)
		LoadAssemblies (5789ms)
		RebuildTransferFunctionScriptingTraits (0ms)
		AnalyzeDomain (180ms)
			TypeCache.Refresh (35ms)
				TypeCache.ScanAssembly (3ms)
			ScanForSourceGeneratedMonoScriptInfo (96ms)
			ResolveRequiredComponents (46ms)
	FinalizeReload (5175ms)
		ReleaseScriptCaches (0ms)
		RebuildScriptCaches (0ms)
		SetupLoadedEditorAssemblies (1631ms)
			LogAssemblyErrors (0ms)
			InitializePlatformSupportModulesInManaged (20ms)
			SetLoadedEditorAssemblies (13ms)
			RefreshPlugins (0ms)
			BeforeProcessingInitializeOnLoad (243ms)
			ProcessInitializeOnLoadAttributes (1125ms)
			ProcessInitializeOnLoadMethodAttributes (208ms)
			AfterProcessingInitializeOnLoad (21ms)
			EditorAssembliesLoaded (1ms)
		ExecutionOrderSort2 (0ms)
		AwakeInstancesAfterBackupRestoration (58ms)
Refreshing native plugins compatible for Editor in 33.45 ms, found 6 plugins.
Preloading 0 native plugins for Editor in 0.00 ms.
Unloading 5509 Unused Serialized files (Serialized files now loaded: 0)
Unloading 51 unused Assets / (323.5 KB). Loaded Objects now: 6192.
Memory consumption went from 191.2 MB to 190.9 MB.
Total: 16.664200 ms (FindLiveObjects: 3.769800 ms CreateObjectMapping: 0.842500 ms MarkObjects: 11.855400 ms  DeleteObjects: 0.194600 ms)

Prepare: number of updated asset objects reloaded= 0
AssetImportParameters requested are different than current active one (requested -> active):
  custom:container-demuxer-ogg: 62fdf1f143b41e24485cea50d1cbac27 -> 
  custom:video-decoder-ogg-theora: a1e56fd34408186e4bbccfd4996cb3dc -> 
  custom:framework-win-MediaFoundation: 216162199b28c13a410421893ffa2e32 -> 
  custom:CustomObjectIndexerAttribute: a3ef5dd2817f97addfee359851a9dba5 -> 
  custom:container-demuxer-webm: 4f35f7cbe854078d1ac9338744f61a02 -> 
  custom:container-muxer-webm: aa71ff27fc2769a1b78a27578f13a17b -> 
  custom:video-decoder-webm-vp8: 9c59270c3fd7afecdb556c50c9e8de78 -> 
  custom:SearchIndexIgnoredProperties: e643bd26f0fe6173181afceb89e7c659 -> 
  custom:AudioImporter_EditorPlatform: d09bf68614088b80899f8185d706f6e7 -> 
  custom:video-encoder-webm-vp8: eb34c28f22e8b96e1ab97ce403110664 -> 
  custom:audio-decoder-ogg-vorbis: bf7c407c2cedff20999df2af8eb42d56 -> 
  custom:audio-encoder-webm-vorbis: bf7c407c2cedff20999df2af8eb42d56 -> 
========================================================================
Received Prepare
Begin MonoManager ReloadAssembly
- Loaded All Assemblies, in  2.052 seconds
Refreshing native plugins compatible for Editor in 22.40 ms, found 6 plugins.
Native extension for WindowsStandalone target not found
Native extension for WebGL target not found
[Package Manager] Server::EnsureServerProcessIsRunning -- launch failed, reason: Unity was launched with the -noUpm command-line argument
[Package Manager] UpmClient::Send -- Unable to send message (not connected to UPM process).
[Package Manager] Cannot connect to Unity Package Manager local server
Mono: successfully reloaded assembly
- Finished resetting the current domain, in  7.249 seconds
Domain Reload Profiling: 9286ms
	BeginReloadAssembly (979ms)
		ExecutionOrderSort (0ms)
		DisableScriptedObjects (49ms)
		BackupInstance (0ms)
		ReleaseScriptingObjects (0ms)
		CreateAndSetChildDomain (279ms)
	RebuildCommonClasses (149ms)
	RebuildNativeTypeToScriptingClass (37ms)
	initialDomainReloadingComplete (92ms)
	LoadAllAssembliesAndSetupDomain (778ms)
		LoadAssemblies (1175ms)
		RebuildTransferFunctionScriptingTraits (0ms)
		AnalyzeDomain (55ms)
			TypeCache.Refresh (14ms)
				TypeCache.ScanAssembly (0ms)
			ScanForSourceGeneratedMonoScriptInfo (0ms)
			ResolveRequiredComponents (38ms)
	FinalizeReload (7250ms)
		ReleaseScriptCaches (0ms)
		RebuildScriptCaches (0ms)
		SetupLoadedEditorAssemblies (2621ms)
			LogAssemblyErrors (0ms)
			InitializePlatformSupportModulesInManaged (30ms)
			SetLoadedEditorAssemblies (17ms)
			RefreshPlugins (0ms)
			BeforeProcessingInitializeOnLoad (389ms)
			ProcessInitializeOnLoadAttributes (1730ms)
			ProcessInitializeOnLoadMethodAttributes (405ms)
			AfterProcessingInitializeOnLoad (48ms)
			EditorAssembliesLoaded (1ms)
		ExecutionOrderSort2 (0ms)
		AwakeInstancesAfterBackupRestoration (105ms)
Refreshing native plugins compatible for Editor in 40.02 ms, found 6 plugins.
Preloading 0 native plugins for Editor in 0.00 ms.
Unloading 5509 Unused Serialized files (Serialized files now loaded: 0)
Unloading 51 unused Assets / (322.4 KB). Loaded Objects now: 6197.
Memory consumption went from 191.1 MB to 190.8 MB.
Total: 13.552100 ms (FindLiveObjects: 1.033700 ms CreateObjectMapping: 0.831500 ms MarkObjects: 11.409300 ms  DeleteObjects: 0.275500 ms)

Prepare: number of updated asset objects reloaded= 0
AssetImportParameters requested are different than current active one (requested -> active):
  custom:container-demuxer-ogg: 62fdf1f143b41e24485cea50d1cbac27 -> 
  custom:video-decoder-ogg-theora: a1e56fd34408186e4bbccfd4996cb3dc -> 
  custom:framework-win-MediaFoundation: 216162199b28c13a410421893ffa2e32 -> 
  custom:CustomObjectIndexerAttribute: a3ef5dd2817f97addfee359851a9dba5 -> 
  custom:container-demuxer-webm: 4f35f7cbe854078d1ac9338744f61a02 -> 
  custom:container-muxer-webm: aa71ff27fc2769a1b78a27578f13a17b -> 
  custom:video-decoder-webm-vp8: 9c59270c3fd7afecdb556c50c9e8de78 -> 
  custom:SearchIndexIgnoredProperties: e643bd26f0fe6173181afceb89e7c659 -> 
  custom:AudioImporter_EditorPlatform: d09bf68614088b80899f8185d706f6e7 -> 
  custom:video-encoder-webm-vp8: eb34c28f22e8b96e1ab97ce403110664 -> 
  custom:audio-decoder-ogg-vorbis: bf7c407c2cedff20999df2af8eb42d56 -> 
  custom:audio-encoder-webm-vorbis: bf7c407c2cedff20999df2af8eb42d56 -> 
========================================================================
Received Import Request.
  Time since last request: 57.831282 seconds.
  path: Assets/_Core/Scenes/MainScene.unity
  artifactKey: Guid(8c9cfa26abfee488c85f1582747f6a02) Importer(815301076,1909f56bfc062723c751e8b465ee728b)
Start importing Assets/_Core/Scenes/MainScene.unity using Guid(8c9cfa26abfee488c85f1582747f6a02) Importer(815301076,1909f56bfc062723c751e8b465ee728b)  -> (artifact id: '6b36e2a6b50e7b9e6c9314b9075da62f') in 0.007573 seconds
Number of updated asset objects reloaded before import = 0
Number of asset objects unloaded after import = 0
========================================================================
Received Prepare
Begin MonoManager ReloadAssembly
- Loaded All Assemblies, in  2.196 seconds
Refreshing native plugins compatible for Editor in 86.05 ms, found 6 plugins.
Native extension for WindowsStandalone target not found
Native extension for WebGL target not found
[Package Manager] Server::EnsureServerProcessIsRunning -- launch failed, reason: Unity was launched with the -noUpm command-line argument
[Package Manager] UpmClient::Send -- Unable to send message (not connected to UPM process).
[Package Manager] Cannot connect to Unity Package Manager local server
Mono: successfully reloaded assembly
- Finished resetting the current domain, in 14.882 seconds
Domain Reload Profiling: 17076ms
	BeginReloadAssembly (481ms)
		ExecutionOrderSort (0ms)
		DisableScriptedObjects (31ms)
		BackupInstance (0ms)
		ReleaseScriptingObjects (0ms)
		CreateAndSetChildDomain (109ms)
	RebuildCommonClasses (98ms)
	RebuildNativeTypeToScriptingClass (34ms)
	initialDomainReloadingComplete (113ms)
	LoadAllAssembliesAndSetupDomain (1440ms)
		LoadAssemblies (1403ms)
		RebuildTransferFunctionScriptingTraits (0ms)
		AnalyzeDomain (298ms)
			TypeCache.Refresh (46ms)
				TypeCache.ScanAssembly (5ms)
			ScanForSourceGeneratedMonoScriptInfo (159ms)
			ResolveRequiredComponents (90ms)
	FinalizeReload (14909ms)
		ReleaseScriptCaches (0ms)
		RebuildScriptCaches (0ms)
		SetupLoadedEditorAssemblies (4945ms)
			LogAssemblyErrors (0ms)
			InitializePlatformSupportModulesInManaged (76ms)
			SetLoadedEditorAssemblies (21ms)
			RefreshPlugins (0ms)
			BeforeProcessingInitializeOnLoad (589ms)
			ProcessInitializeOnLoadAttributes (3491ms)
			ProcessInitializeOnLoadMethodAttributes (697ms)
			AfterProcessingInitializeOnLoad (68ms)
			EditorAssembliesLoaded (2ms)
		ExecutionOrderSort2 (0ms)
		AwakeInstancesAfterBackupRestoration (495ms)
Refreshing native plugins compatible for Editor in 252.86 ms, found 6 plugins.
Preloading 0 native plugins for Editor in 0.00 ms.
Unloading 5509 Unused Serialized files (Serialized files now loaded: 0)
Unloading 51 unused Assets / (322.5 KB). Loaded Objects now: 6202.
Memory consumption went from 191.2 MB to 190.9 MB.
Total: 241.365200 ms (FindLiveObjects: 1.303600 ms CreateObjectMapping: 8.306100 ms MarkObjects: 230.750000 ms  DeleteObjects: 1.000500 ms)

Prepare: number of updated asset objects reloaded= 0
AssetImportParameters requested are different than current active one (requested -> active):
  custom:container-demuxer-ogg: 62fdf1f143b41e24485cea50d1cbac27 -> 
  custom:video-decoder-ogg-theora: a1e56fd34408186e4bbccfd4996cb3dc -> 
  custom:framework-win-MediaFoundation: 216162199b28c13a410421893ffa2e32 -> 
  custom:CustomObjectIndexerAttribute: a3ef5dd2817f97addfee359851a9dba5 -> 
  custom:container-demuxer-webm: 4f35f7cbe854078d1ac9338744f61a02 -> 
  custom:container-muxer-webm: aa71ff27fc2769a1b78a27578f13a17b -> 
  custom:video-decoder-webm-vp8: 9c59270c3fd7afecdb556c50c9e8de78 -> 
  custom:SearchIndexIgnoredProperties: e643bd26f0fe6173181afceb89e7c659 -> 
  custom:AudioImporter_EditorPlatform: d09bf68614088b80899f8185d706f6e7 -> 
  custom:video-encoder-webm-vp8: eb34c28f22e8b96e1ab97ce403110664 -> 
  custom:audio-decoder-ogg-vorbis: bf7c407c2cedff20999df2af8eb42d56 -> 
  custom:audio-encoder-webm-vorbis: bf7c407c2cedff20999df2af8eb42d56 -> 
